<?xml version="1.0" encoding="UTF-8" ?>
<testsuites>
  <testsuite errors="0" failures="0" hostname="MTZNOTFS055610" id="0" name="ValoresTest" package="" skipped="0" tests="2" time="0.049" timestamp="2022-11-18T22:06:08">
      <properties>
[...]
</properties>

      <testcase classname="ValoresTest" name="testDeleteValue" time="0.001" />

      <testcase classname="ValoresTest" name="testInsertValue" time="0.0" />

      <system-out><![CDATA[]]></system-out>

      <system-err><![CDATA[]]></system-err>

  </testsuite>
</testsuites>
