<?xml version="1.0" encoding="UTF-8" ?>
<testsuite errors="1" failures="0" hostname="MTZNOTFS055610" name="ValoresTest" skipped="0" tests="1" time="0.0" timestamp="2022-11-05T19:09:19">
  <properties>
[...]
</properties>
  <error message="org/junit/internal/MethodSorter$1" type="java.lang.NoClassDefFoundError">java.lang.NoClassDefFoundError: org/junit/internal/MethodSorter$1
	at java.base/jdk.internal.reflect.DirectMethodHandleAccessor.invoke(DirectMethodHandleAccessor.java:104)
	at java.base/jdk.internal.reflect.DirectMethodHandleAccessor.invoke(DirectMethodHandleAccessor.java:104)
	at com.intellij.rt.ant.execution.AntMain2.main(AntMain2.java:31)
	at java.base/java.lang.ClassLoader.loadClass(ClassLoader.java:521)
</error>
  <system-out><![CDATA[]]></system-out>
  <system-err><![CDATA[]]></system-err>
</testsuite>
